<?xml version="1.0" encoding="UTF-8"?>
<testng-results ignored="0" total="5" passed="5" failed="0" skipped="0">
  <reporter-output>
  </reporter-output>
  <suite started-at="2022-09-22T19:55:37 IST" name="Default suite" finished-at="2022-09-22T19:57:17 IST" duration-ms="100147">
    <groups>
      <group name="cucumber">
        <method signature="AbstractTestNGCucumberTests.runScenario(io.cucumber.testng.PickleWrapper,io.cucumber.testng.FeatureWrapper)[pri:0, instance:MyTestRunner.MyRun@ba2f4ec]" name="runScenario" class="io.cucumber.testng.AbstractTestNGCucumberTests"/>
      </group> <!-- cucumber -->
    </groups>
    <test started-at="2022-09-22T19:55:37 IST" name="Default test" finished-at="2022-09-22T19:57:17 IST" duration-ms="100147">
      <class name="MyTestRunner.MyRun">
        <test-method is-config="true" signature="setUpClass(org.testng.ITestContext)[pri:0, instance:MyTestRunner.MyRun@ba2f4ec]" started-at="2022-09-22T19:55:37 IST" name="setUpClass" finished-at="2022-09-22T19:55:38 IST" duration-ms="822" status="PASS">
          <params>
            <param index="0">
              <value>
                <![CDATA[org.testng.TestRunner@7b0525a8]]>
              </value>
            </param>
          </params>
          <reporter-output>
          </reporter-output>
        </test-method> <!-- setUpClass -->
        <test-method signature="runScenario(io.cucumber.testng.PickleWrapper,io.cucumber.testng.FeatureWrapper)[pri:0, instance:MyTestRunner.MyRun@ba2f4ec]" started-at="2022-09-22T19:55:38 IST" name="runScenario" description="Runs Cucumber Scenarios" data-provider="scenarios" finished-at="2022-09-22T19:56:01 IST" duration-ms="23054" status="PASS">
          <params>
            <param index="0">
              <value>
                <![CDATA["Add New Customer"]]>
              </value>
            </param>
            <param index="1">
              <value>
                <![CDATA["Customer"]]>
              </value>
            </param>
          </params>
          <reporter-output>
          </reporter-output>
        </test-method> <!-- runScenario -->
        <test-method signature="runScenario(io.cucumber.testng.PickleWrapper,io.cucumber.testng.FeatureWrapper)[pri:0, instance:MyTestRunner.MyRun@ba2f4ec]" started-at="2022-09-22T19:56:01 IST" name="runScenario" description="Runs Cucumber Scenarios" data-provider="scenarios" finished-at="2022-09-22T19:56:21 IST" duration-ms="20599" status="PASS">
          <params>
            <param index="0">
              <value>
                <![CDATA["Search Customer by Email"]]>
              </value>
            </param>
            <param index="1">
              <value>
                <![CDATA["Customer"]]>
              </value>
            </param>
          </params>
          <reporter-output>
          </reporter-output>
        </test-method> <!-- runScenario -->
        <test-method signature="runScenario(io.cucumber.testng.PickleWrapper,io.cucumber.testng.FeatureWrapper)[pri:0, instance:MyTestRunner.MyRun@ba2f4ec]" started-at="2022-09-22T19:56:21 IST" name="runScenario" description="Runs Cucumber Scenarios" data-provider="scenarios" finished-at="2022-09-22T19:56:43 IST" duration-ms="21050" status="PASS">
          <params>
            <param index="0">
              <value>
                <![CDATA["Search Customer by Name"]]>
              </value>
            </param>
            <param index="1">
              <value>
                <![CDATA["Customer"]]>
              </value>
            </param>
          </params>
          <reporter-output>
          </reporter-output>
        </test-method> <!-- runScenario -->
        <test-method signature="runScenario(io.cucumber.testng.PickleWrapper,io.cucumber.testng.FeatureWrapper)[pri:0, instance:MyTestRunner.MyRun@ba2f4ec]" started-at="2022-09-22T19:56:43 IST" name="runScenario" description="Runs Cucumber Scenarios" data-provider="scenarios" finished-at="2022-09-22T19:57:00 IST" duration-ms="17744" status="PASS">
          <params>
            <param index="0">
              <value>
                <![CDATA["Successful Login with Valid Credentials"]]>
              </value>
            </param>
            <param index="1">
              <value>
                <![CDATA["Login"]]>
              </value>
            </param>
          </params>
          <reporter-output>
          </reporter-output>
        </test-method> <!-- runScenario -->
        <test-method signature="runScenario(io.cucumber.testng.PickleWrapper,io.cucumber.testng.FeatureWrapper)[pri:0, instance:MyTestRunner.MyRun@ba2f4ec]" started-at="2022-09-22T19:57:00 IST" name="runScenario" description="Runs Cucumber Scenarios" data-provider="scenarios" finished-at="2022-09-22T19:57:17 IST" duration-ms="16384" status="PASS">
          <params>
            <param index="0">
              <value>
                <![CDATA["Successful Login with Valid Credentials DDT"]]>
              </value>
            </param>
            <param index="1">
              <value>
                <![CDATA["Login"]]>
              </value>
            </param>
          </params>
          <reporter-output>
          </reporter-output>
        </test-method> <!-- runScenario -->
        <test-method is-config="true" signature="tearDownClass()[pri:0, instance:MyTestRunner.MyRun@ba2f4ec]" started-at="2022-09-22T19:57:17 IST" name="tearDownClass" finished-at="2022-09-22T19:57:17 IST" duration-ms="438" status="PASS">
          <reporter-output>
          </reporter-output>
        </test-method> <!-- tearDownClass -->
      </class> <!-- MyTestRunner.MyRun -->
    </test> <!-- Default test -->
  </suite> <!-- Default suite -->
</testng-results>
